<?xml version="1.0" encoding="UTF-8"?>
<!-- Generated by org.testng.reporters.JUnitReportReporter -->
<testsuite hostname="DESKTOP-SPN26A2" failures="0" tests="1" name="com.nagapriya.testscript.ProductModule" time="7.713" errors="0" timestamp="2025-01-27T21:18:08 IST" skipped="0">
  <testcase classname="com.nagapriya.testscript.ProductModule" name="createAndDeleteProducts" time="7.713"/>
</testsuite> <!-- com.nagapriya.testscript.ProductModule -->
