<?xml version="1.0" encoding="UTF-8"?>
<!-- Generated by org.testng.reporters.JUnitReportReporter -->
<testsuite hostname="DESKTOP-SPN26A2" failures="0" tests="1" name="com.nagapriya.testscript.PriceBookModule" time="8.934" errors="0" timestamp="2025-01-27T21:17:41 IST" skipped="0">
  <testcase classname="com.nagapriya.testscript.PriceBookModule" name="createAndDeletePriceBook" time="8.934"/>
</testsuite> <!-- com.nagapriya.testscript.PriceBookModule -->
