<?xml version="1.0" encoding="UTF-8"?>
<!-- Generated by org.testng.reporters.JUnitReportReporter -->
<testsuite hostname="DESKTOP-SPN26A2" failures="0" tests="1" name="com.nagapriya.testscript.ContactsModule" time="5.123" errors="0" timestamp="2025-01-27T11:09:07 IST" skipped="0">
  <testcase classname="com.nagapriya.testscript.ContactsModule" name="CreateAndDeleteContact" time="5.123"/>
</testsuite> <!-- com.nagapriya.testscript.ContactsModule -->
