<?xml version="1.0" encoding="UTF-8"?>
<!-- Generated by org.testng.reporters.JUnitReportReporter -->
<testsuite hostname="DESKTOP-1GQAEG1" failures="0" tests="1" name="com.fasttrack.testscript.CampaignModule" time="6.405" errors="0" timestamp="2025-01-24T10:52:06 IST" skipped="0">
  <testcase classname="com.fasttrack.testscript.CampaignModule" name="createAndDeleteCampaign" time="6.405"/>
</testsuite> <!-- com.fasttrack.testscript.CampaignModule -->
